# JRE version: Java(TM) SE Runtime Environment (8.0_66-b18) (build 1.8.0_66-b18)
# Java VM: Java HotSpot(TM) 64-Bit Server VM (25.66-b18 mixed mode windows-amd64 compressed oops)
Heap:
 PSYoungGen      total 185344K, used 122932K [0x00000000eb100000, 0x00000000f7f00000, 0x0000000100000000)
  eden space 172544K, 63% used [0x00000000eb100000,0x00000000f1c8d850,0x00000000f5980000)
  from space 12800K, 99% used [0x00000000f7280000,0x00000000f7effa18,0x00000000f7f00000)
  to   space 16896K, 0% used [0x00000000f5e00000,0x00000000f5e00000,0x00000000f6e80000)
 ParOldGen       total 63488K, used 28897K [0x00000000c1200000, 0x00000000c5000000, 0x00000000eb100000)
  object space 63488K, 45% used [0x00000000c1200000,0x00000000c2e384b0,0x00000000c5000000)
 Metaspace       used 50920K, capacity 51338K, committed 51712K, reserved 1093632K
  class space    used 6502K, capacity 6627K, committed 6656K, reserved 1048576K
GC Heap History (10 events):
Event: 8.497 GC heap before
{Heap before GC invocations=10 (full 1):
 PSYoungGen      total 108544K, used 108421K [0x00000000eb100000, 0x00000000f3b80000, 0x0000000100000000)
  eden space 103424K, 100% used [0x00000000eb100000,0x00000000f1600000,0x00000000f1600000)
  from space 5120K, 97% used [0x00000000f3680000,0x00000000f3b614e8,0x00000000f3b80000)
  to   space 8704K, 0% used [0x00000000f2a80000,0x00000000f2a80000,0x00000000f3300000)
 ParOldGen       total 33792K, used 8278K [0x00000000c1200000, 0x00000000c3300000, 0x00000000eb100000)
  object space 33792K, 24% used [0x00000000c1200000,0x00000000c1a15a48,0x00000000c3300000)
 Metaspace       used 26138K, capacity 26510K, committed 26624K, reserved 1073152K
  class space    used 3172K, capacity 3290K, committed 3328K, reserved 1048576K
Event: 8.523 GC heap after
Heap after GC invocations=10 (full 1):
 PSYoungGen      total 133120K, used 8689K [0x00000000eb100000, 0x00000000f4d00000, 0x0000000100000000)
  eden space 124416K, 0% used [0x00000000eb100000,0x00000000eb100000,0x00000000f2a80000)
  from space 8704K, 99% used [0x00000000f2a80000,0x00000000f32fc5b8,0x00000000f3300000)
  to   space 9728K, 0% used [0x00000000f4380000,0x00000000f4380000,0x00000000f4d00000)
 ParOldGen       total 33792K, used 8357K [0x00000000c1200000, 0x00000000c3300000, 0x00000000eb100000)
  object space 33792K, 24% used [0x00000000c1200000,0x00000000c1a29520,0x00000000c3300000)
 Metaspace       used 26138K, capacity 26510K, committed 26624K, reserved 1073152K
  class space    used 3172K, capacity 3290K, committed 3328K, reserved 1048576K
}
Event: 10.537 GC heap before
{Heap before GC invocations=11 (full 1):
 PSYoungGen      total 133120K, used 133099K [0x00000000eb100000, 0x00000000f4d00000, 0x0000000100000000)
  eden space 124416K, 99% used [0x00000000eb100000,0x00000000f2a7e8f0,0x00000000f2a80000)
  from space 8704K, 99% used [0x00000000f2a80000,0x00000000f32fc5b8,0x00000000f3300000)
  to   space 9728K, 0% used [0x00000000f4380000,0x00000000f4380000,0x00000000f4d00000)
 ParOldGen       total 33792K, used 8357K [0x00000000c1200000, 0x00000000c3300000, 0x00000000eb100000)
  object space 33792K, 24% used [0x00000000c1200000,0x00000000c1a29520,0x00000000c3300000)
 Metaspace       used 31901K, capacity 32310K, committed 32512K, reserved 1077248K
  class space    used 3903K, capacity 4038K, committed 4096K, reserved 1048576K
Event: 10.562 GC heap after
Heap after GC invocations=11 (full 1):
 PSYoungGen      total 146432K, used 9721K [0x00000000eb100000, 0x00000000f6e00000, 0x0000000100000000)
  eden space 136704K, 0% used [0x00000000eb100000,0x00000000eb100000,0x00000000f3680000)
  from space 9728K, 99% used [0x00000000f4380000,0x00000000f4cfe758,0x00000000f4d00000)
  to   space 13312K, 0% used [0x00000000f3680000,0x00000000f3680000,0x00000000f4380000)
 ParOldGen       total 33792K, used 13956K [0x00000000c1200000, 0x00000000c3300000, 0x00000000eb100000)
  object space 33792K, 41% used [0x00000000c1200000,0x00000000c1fa1210,0x00000000c3300000)
 Metaspace       used 31901K, capacity 32310K, committed 32512K, reserved 1077248K
  class space    used 3903K, capacity 4038K, committed 4096K, reserved 1048576K
}
Event: 11.882 GC heap before
{Heap before GC invocations=12 (full 1):
 PSYoungGen      total 146432K, used 111787K [0x00000000eb100000, 0x00000000f6e00000, 0x0000000100000000)
  eden space 136704K, 74% used [0x00000000eb100000,0x00000000f14ac840,0x00000000f3680000)
  from space 9728K, 99% used [0x00000000f4380000,0x00000000f4cfe758,0x00000000f4d00000)
  to   space 13312K, 0% used [0x00000000f3680000,0x00000000f3680000,0x00000000f4380000)
 ParOldGen       total 33792K, used 13956K [0x00000000c1200000, 0x00000000c3300000, 0x00000000eb100000)
  object space 33792K, 41% used [0x00000000c1200000,0x00000000c1fa1210,0x00000000c3300000)
 Metaspace       used 34790K, capacity 35132K, committed 35456K, reserved 1081344K
  class space    used 4240K, capacity 4359K, committed 4480K, reserved 1048576K
Event: 11.914 GC heap after
Heap after GC invocations=12 (full 1):
 PSYoungGen      total 150016K, used 5072K [0x00000000eb100000, 0x00000000f7f00000, 0x0000000100000000)
  eden space 136704K, 0% used [0x00000000eb100000,0x00000000eb100000,0x00000000f3680000)
  from space 13312K, 38% used [0x00000000f3680000,0x00000000f3b74280,0x00000000f4380000)
  to   space 12800K, 0% used [0x00000000f7280000,0x00000000f7280000,0x00000000f7f00000)
 ParOldGen       total 33792K, used 23398K [0x00000000c1200000, 0x00000000c3300000, 0x00000000eb100000)
  object space 33792K, 69% used [0x00000000c1200000,0x00000000c28d9968,0x00000000c3300000)
 Metaspace       used 34790K, capacity 35132K, committed 35456K, reserved 1081344K
  class space    used 4240K, capacity 4359K, committed 4480K, reserved 1048576K
}
Event: 11.914 GC heap before
{Heap before GC invocations=13 (full 2):
 PSYoungGen      total 150016K, used 5072K [0x00000000eb100000, 0x00000000f7f00000, 0x0000000100000000)
  eden space 136704K, 0% used [0x00000000eb100000,0x00000000eb100000,0x00000000f3680000)
  from space 13312K, 38% used [0x00000000f3680000,0x00000000f3b74280,0x00000000f4380000)
  to   space 12800K, 0% used [0x00000000f7280000,0x00000000f7280000,0x00000000f7f00000)
 ParOldGen       total 33792K, used 23398K [0x00000000c1200000, 0x00000000c3300000, 0x00000000eb100000)
  object space 33792K, 69% used [0x00000000c1200000,0x00000000c28d9968,0x00000000c3300000)
 Metaspace       used 34790K, capacity 35132K, committed 35456K, reserved 1081344K
  class space    used 4240K, capacity 4359K, committed 4480K, reserved 1048576K
Event: 12.070 GC heap after
Heap after GC invocations=13 (full 2):
 PSYoungGen      total 150016K, used 0K [0x00000000eb100000, 0x00000000f7f00000, 0x0000000100000000)
  eden space 136704K, 0% used [0x00000000eb100000,0x00000000eb100000,0x00000000f3680000)
  from space 13312K, 0% used [0x00000000f3680000,0x00000000f3680000,0x00000000f4380000)
  to   space 12800K, 0% used [0x00000000f7280000,0x00000000f7280000,0x00000000f7f00000)
 ParOldGen       total 63488K, used 22043K [0x00000000c1200000, 0x00000000c5000000, 0x00000000eb100000)
  object space 63488K, 34% used [0x00000000c1200000,0x00000000c2786c80,0x00000000c5000000)
 Metaspace       used 34790K, capacity 35132K, committed 35456K, reserved 1081344K
  class space    used 4240K, capacity 4359K, committed 4480K, reserved 1048576K
}
Event: 25.987 GC heap before
{Heap before GC invocations=14 (full 2):
 PSYoungGen      total 150016K, used 136704K [0x00000000eb100000, 0x00000000f7f00000, 0x0000000100000000)
  eden space 136704K, 100% used [0x00000000eb100000,0x00000000f3680000,0x00000000f3680000)
  from space 13312K, 0% used [0x00000000f3680000,0x00000000f3680000,0x00000000f4380000)
  to   space 12800K, 0% used [0x00000000f7280000,0x00000000f7280000,0x00000000f7f00000)
 ParOldGen       total 63488K, used 22043K [0x00000000c1200000, 0x00000000c5000000, 0x00000000eb100000)
  object space 63488K, 34% used [0x00000000c1200000,0x00000000c2786c80,0x00000000c5000000)
 Metaspace       used 47265K, capacity 47694K, committed 48256K, reserved 1091584K
  class space    used 6019K, capacity 6169K, committed 6272K, reserved 1048576K
Event: 26.020 GC heap after
Heap after GC invocations=14 (full 2):
 PSYoungGen      total 185344K, used 12798K [0x00000000eb100000, 0x00000000f7f00000, 0x0000000100000000)
  eden space 172544K, 0% used [0x00000000eb100000,0x00000000eb100000,0x00000000f5980000)
  from space 12800K, 99% used [0x00000000f7280000,0x00000000f7effa18,0x00000000f7f00000)
  to   space 16896K, 0% used [0x00000000f5e00000,0x00000000f5e00000,0x00000000f6e80000)
 ParOldGen       total 63488K, used 28897K [0x00000000c1200000, 0x00000000c5000000, 0x00000000eb100000)
  object space 63488K, 45% used [0x00000000c1200000,0x00000000c2e384b0,0x00000000c5000000)
 Metaspace       used 47265K, capacity 47694K, committed 48256K, reserved 1091584K
  class space    used 6019K, capacity 6169K, committed 6272K, reserved 1048576K
}

